
> micro-maestros@1.0.0 start
> node src/app.js

node:internal/modules/cjs/loader:1247
  throw err;
  ^

Error: Cannot find module 'jsonwebtoken'
Require stack:
- C:\Users\ariel\Escritorio\distri\Proyecto-Acompa-amiento-\shared-auth\src\services\authService.js
- C:\Users\ariel\Escritorio\distri\Proyecto-Acompa-amiento-\micro-maestros\src\services\authService.js
- C:\Users\ariel\Escritorio\distri\Proyecto-Acompa-amiento-\micro-maestros\src\middlewares\authMiddleware.js
- C:\Users\ariel\Escritorio\distri\Proyecto-Acompa-amiento-\micro-maestros\src\app.js
    at Function._resolveFilename (node:internal/modules/cjs/loader:1244:15)
    at Function._load (node:internal/modules/cjs/loader:1070:27)
    at TracingChannel.traceSync (node:diagnostics_channel:322:14)
    at wrapModuleLoad (node:internal/modules/cjs/loader:217:24)
    at Module.require (node:internal/modules/cjs/loader:1335:12)
    at require (node:internal/modules/helpers:136:16)
    at Object.<anonymous> (C:\Users\ariel\Escritorio\distri\Proyecto-Acompa-amiento-\shared-auth\src\services\authService.js:1:13)
    at Module._compile (node:internal/modules/cjs/loader:1562:14)
    at Object..js (node:internal/modules/cjs/loader:1699:10)
    at Module.load (node:internal/modules/cjs/loader:1313:32) {
  code: 'MODULE_NOT_FOUND',
  requireStack: [
    'C:\\Users\\ariel\\Escritorio\\distri\\Proyecto-Acompa-amiento-\\shared-auth\\src\\services\\authService.js',
    'C:\\Users\\ariel\\Escritorio\\distri\\Proyecto-Acompa-amiento-\\micro-maestros\\src\\services\\authService.js',
    'C:\\Users\\ariel\\Escritorio\\distri\\Proyecto-Acompa-amiento-\\micro-maestros\\src\\middlewares\\authMiddleware.js',
    'C:\\Users\\ariel\\Escritorio\\distri\\Proyecto-Acompa-amiento-\\micro-maestros\\src\\app.js'
  ]
}

Node.js v22.13.0
